JNIWithOpencvDemo/selectorlibrary/build/outputs/logs/manifest-merger-debug-report.txt
-- Merging decision tree log ---
manifest
ADDED from src/main/AndroidManifest.xml:1:1-17:12
INJECTED from src/main/AndroidManifest.xml:1:1-17:12
INJECTED from src/main/AndroidManifest.xml:1:1-17:12
INJECTED from src/main/AndroidManifest.xml:1:1-17:12
INJECTED from src/main/AndroidManifest.xml:1:1-17:12
INJECTED from src/main/AndroidManifest.xml:1:1-17:12
INJECTED from src/main/AndroidManifest.xml:1:1-17:12
	package
		ADDED from src/main/AndroidManifest.xml:2:5-44
		INJECTED from src/main/AndroidManifest.xml
		INJECTED from src/main/AndroidManifest.xml
	android:versionName
		INJECTED from src/main/AndroidManifest.xml
		ADDED from src/main/AndroidManifest.xml:1:1-17:12
		INJECTED from src/main/AndroidManifest.xml
	android:versionCode
		INJECTED from src/main/AndroidManifest.xml
		ADDED from src/main/AndroidManifest.xml:1:1-17:12
		INJECTED from src/main/AndroidManifest.xml
	xmlns:android
		ADDED from src/main/AndroidManifest.xml:1:11-69
application
ADDED from src/main/AndroidManifest.xml:4:5-15:19
	android:supportsRtl
		ADDED from src/main/AndroidManifest.xml:5:9-35
activity#com.scrat.app.selectorlibrary.activity.ImageSelectorActivity
ADDED from src/main/AndroidManifest.xml:6:9-9:66
	android:screenOrientation
		ADDED from src/main/AndroidManifest.xml:8:13-49
	android:theme
		ADDED from src/main/AndroidManifest.xml:9:13-63
	android:name
		ADDED from src/main/AndroidManifest.xml:7:13-59
activity#com.scrat.app.selectorlibrary.activity.ImagePreviewActivity
ADDED from src/main/AndroidManifest.xml:11:9-14:66
	android:screenOrientation
		ADDED from src/main/AndroidManifest.xml:13:13-49
	android:theme
		ADDED from src/main/AndroidManifest.xml:14:13-63
	android:name
		ADDED from src/main/AndroidManifest.xml:12:13-58
uses-sdk
INJECTED from src/main/AndroidManifest.xml reason: use-sdk injection requested
INJECTED from src/main/AndroidManifest.xml
INJECTED from src/main/AndroidManifest.xml
INJECTED from src/main/AndroidManifest.xml
INJECTED from src/main/AndroidManifest.xml
	android:targetSdkVersion
		INJECTED from src/main/AndroidManifest.xml
		ADDED from src/main/AndroidManifest.xml
		INJECTED from src/main/AndroidManifest.xml
	android:minSdkVersion
		INJECTED from src/main/AndroidManifest.xml
		ADDED from src/main/AndroidManifest.xml
		INJECTED from src/main/AndroidManifest.xml